0 info it worked if it ends with ok
1 verbose cli [ 'node', '/usr/local/bin/npm', 'publish' ]
2 info using npm@1.1.69
3 info using node@v0.8.16
4 verbose publish [ '.' ]
5 verbose read json /Users/pedrodias/Dropbox/Work/Github/node-whmcs/package.json
6 verbose cache add [ '.', null ]
7 silly cache add name=undefined spec="." args=[".",null]
8 verbose parsed url { pathname: '.', path: '.', href: '.' }
9 silly lockFile 3a52ce78- .
10 verbose lock . /Users/pedrodias/.npm/3a52ce78-.lock
11 verbose read json package.json
12 verbose tar pack [ '/Users/pedrodias/tmp/npm-23184/1368118446417-0.483615051722154/tmp.tgz',
12 verbose tar pack   '.' ]
13 verbose tarball /Users/pedrodias/tmp/npm-23184/1368118446417-0.483615051722154/tmp.tgz
14 verbose folder .
15 info prepublish whmcs@0.1.0
16 silly lockFile c8f3ee30-446417-0-483615051722154-tmp-tgz /Users/pedrodias/tmp/npm-23184/1368118446417-0.483615051722154/tmp.tgz
17 verbose lock /Users/pedrodias/tmp/npm-23184/1368118446417-0.483615051722154/tmp.tgz /Users/pedrodias/.npm/c8f3ee30-446417-0-483615051722154-tmp-tgz.lock
18 silly lockFile c8f3ee30-446417-0-483615051722154-tmp-tgz /Users/pedrodias/tmp/npm-23184/1368118446417-0.483615051722154/tmp.tgz
19 verbose tar unpack /Users/pedrodias/tmp/npm-23184/1368118446417-0.483615051722154/tmp.tgz
20 silly lockFile aa0a4f7f-446417-0-483615051722154-package /Users/pedrodias/tmp/npm-23184/1368118446417-0.483615051722154/package
21 verbose lock /Users/pedrodias/tmp/npm-23184/1368118446417-0.483615051722154/package /Users/pedrodias/.npm/aa0a4f7f-446417-0-483615051722154-package.lock
22 silly gunzTarPerm modes [ '755', '644' ]
23 silly gunzTarPerm extractEntry package.json
24 silly gunzTarPerm extractEntry .npmignore
25 silly gunzTarPerm extractEntry README.md
26 silly gunzTarPerm extractEntry lib/client.js
27 silly gunzTarPerm extractEntry lib/domain.js
28 silly gunzTarPerm extractEntry lib/product.js
29 silly gunzTarPerm extractEntry lib/utils.js
30 silly gunzTarPerm extractEntry lib/whmcs.js
31 verbose read json /Users/pedrodias/tmp/npm-23184/1368118446417-0.483615051722154/package/package.json
32 silly lockFile aa0a4f7f-446417-0-483615051722154-package /Users/pedrodias/tmp/npm-23184/1368118446417-0.483615051722154/package
33 verbose from cache /Users/pedrodias/tmp/npm-23184/1368118446417-0.483615051722154/package/package.json
34 verbose tar pack [ '/Users/pedrodias/.npm/whmcs/0.1.0/package.tgz',
34 verbose tar pack   '/Users/pedrodias/tmp/npm-23184/1368118446417-0.483615051722154/package' ]
35 verbose tarball /Users/pedrodias/.npm/whmcs/0.1.0/package.tgz
36 verbose folder /Users/pedrodias/tmp/npm-23184/1368118446417-0.483615051722154/package
37 silly lockFile 8ef936e3-dias-npm-whmcs-0-1-0-package-tgz /Users/pedrodias/.npm/whmcs/0.1.0/package.tgz
38 verbose lock /Users/pedrodias/.npm/whmcs/0.1.0/package.tgz /Users/pedrodias/.npm/8ef936e3-dias-npm-whmcs-0-1-0-package-tgz.lock
39 silly lockFile 8ef936e3-dias-npm-whmcs-0-1-0-package-tgz /Users/pedrodias/.npm/whmcs/0.1.0/package.tgz
40 silly lockFile 738b4ed7-edrodias-npm-whmcs-0-1-0-package /Users/pedrodias/.npm/whmcs/0.1.0/package
41 verbose lock /Users/pedrodias/.npm/whmcs/0.1.0/package /Users/pedrodias/.npm/738b4ed7-edrodias-npm-whmcs-0-1-0-package.lock
42 silly lockFile 738b4ed7-edrodias-npm-whmcs-0-1-0-package /Users/pedrodias/.npm/whmcs/0.1.0/package
43 verbose tar unpack /Users/pedrodias/.npm/whmcs/0.1.0/package.tgz
44 silly lockFile 738b4ed7-edrodias-npm-whmcs-0-1-0-package /Users/pedrodias/.npm/whmcs/0.1.0/package
45 verbose lock /Users/pedrodias/.npm/whmcs/0.1.0/package /Users/pedrodias/.npm/738b4ed7-edrodias-npm-whmcs-0-1-0-package.lock
46 silly gunzTarPerm modes [ '755', '644' ]
47 silly gunzTarPerm extractEntry package.json
48 silly gunzTarPerm extractEntry .npmignore
49 silly gunzTarPerm extractEntry README.md
50 silly gunzTarPerm extractEntry lib/client.js
51 silly gunzTarPerm extractEntry lib/domain.js
52 silly gunzTarPerm extractEntry lib/product.js
53 silly gunzTarPerm extractEntry lib/utils.js
54 silly gunzTarPerm extractEntry lib/whmcs.js
55 verbose read json /Users/pedrodias/.npm/whmcs/0.1.0/package/package.json
56 silly lockFile 738b4ed7-edrodias-npm-whmcs-0-1-0-package /Users/pedrodias/.npm/whmcs/0.1.0/package
57 silly shasum updated bytes 1884
58 info shasum 965eeac8b824243f5df7bd6e248d487f06403120
58 info shasum /Users/pedrodias/.npm/whmcs/0.1.0/package.tgz
59 verbose from cache /Users/pedrodias/.npm/whmcs/0.1.0/package/package.json
60 verbose chmod /Users/pedrodias/.npm/whmcs/0.1.0/package.tgz 644
61 verbose chown /Users/pedrodias/.npm/whmcs/0.1.0/package.tgz [ 0, 20 ]
62 silly lockFile 3a52ce78- .
63 silly publish { name: 'whmcs',
63 silly publish   description: 'Node client implementation for WHMCS',
63 silly publish   version: '0.1.0',
63 silly publish   author: { name: 'Pedro Dias', email: 'petermdias@gmail.com' },
63 silly publish   maintainers: [ { name: 'apocas', email: 'petermdias@gmail.com' } ],
63 silly publish   repository: { type: 'git', url: 'http://github.com/apocas/node-whmcs.git' },
63 silly publish   keywords: [ 'whmcs', 'hosting' ],
63 silly publish   dependencies: { request: '2.21.x' },
63 silly publish   main: './lib/whmcs',
63 silly publish   engines: { node: '>= 0.4' },
63 silly publish   readme: 'node-whmcs\n==========\n\nnode.js client for whmcs',
63 silly publish   readmeFilename: 'README.md',
63 silly publish   _id: 'whmcs@0.1.0',
63 silly publish   dist: { shasum: '965eeac8b824243f5df7bd6e248d487f06403120' } }
64 verbose url raw whmcs
65 verbose url resolving [ 'https://registry.npmjs.org/', './whmcs' ]
66 verbose url resolved https://registry.npmjs.org/whmcs
67 info trying registry request attempt 1 at 17:54:06
68 http PUT https://registry.npmjs.org/whmcs
69 http 409 https://registry.npmjs.org/whmcs
70 verbose url raw whmcs
71 verbose url resolving [ 'https://registry.npmjs.org/', './whmcs' ]
72 verbose url resolved https://registry.npmjs.org/whmcs
73 info trying registry request attempt 1 at 17:54:18
74 http GET https://registry.npmjs.org/whmcs
75 http 200 https://registry.npmjs.org/whmcs
76 error publish fail Cannot publish over existing version.
76 error publish fail Bump the 'version' field, set the --force flag, or
76 error publish fail     npm unpublish 'whmcs@0.1.0'
76 error publish fail and try again
77 error System Darwin 12.3.0
78 error command "node" "/usr/local/bin/npm" "publish"
79 error cwd /Users/pedrodias/Dropbox/Work/Github/node-whmcs
80 error node -v v0.8.16
81 error npm -v 1.1.69
82 error code EPUBLISHCONFLICT
83 verbose exit [ 1, true ]
